<?xml version="1.0" encoding="UTF-8"?>
<!-- Generated by org.testng.reporters.JUnitReportReporter -->
<testsuite hostname="San" name="tests.ValtechTest" tests="1" failures="0" timestamp="10 Jan 2017 17:27:56 GMT" time="85.186" errors="0">
  <testcase name="ValtechTestRun" time="85.186" classname="tests.ValtechTest"/>
</testsuite> <!-- tests.ValtechTest -->
